{
  "stats": {
    "suites": 1,
    "tests": 1,
    "passes": 1,
    "pending": 0,
    "failures": 0,
    "start": "2022-11-08T16:20:02.990Z",
    "end": "2022-11-08T16:20:03.133Z",
    "duration": 143,
    "testsRegistered": 1,
    "passPercent": 100,
    "pendingPercent": 0,
    "other": 0,
    "hasOther": false,
    "skipped": 0,
    "hasSkipped": false
  },
  "results": [
    {
      "uuid": "7705b2f4-727b-497d-b102-39e2153197ae",
      "title": "",
      "fullFile": "cypress/integration/1-getting-started/Login.spec.js",
      "file": "cypress/integration/1-getting-started/Login.spec.js",
      "beforeHooks": [],
      "afterHooks": [],
      "tests": [],
      "suites": [
        {
          "uuid": "81f61b2c-95e2-465a-9565-bc13a6336c18",
          "title": "Login - Testes da API ServRest",
          "fullFile": "",
          "file": "",
          "beforeHooks": [],
          "afterHooks": [],
          "tests": [
            {
              "title": "Deve fazer o login com sucesso  ",
              "fullTitle": "Login - Testes da API ServRest Deve fazer o login com sucesso  ",
              "timedOut": null,
              "duration": 117,
              "state": "passed",
              "speed": "fast",
              "pass": true,
              "fail": false,
              "pending": false,
              "context": null,
              "code": "cy.request({\n  method: 'Post',\n  url: 'http://localhost:3000/login',\n  body: {\n    \"email\": \"fulano@qa.com\",\n    \"password\": \"teste\"\n  }\n}).then(response => {\n  expect(response.body.message).to.be.equal('Login realizado com sucesso');\n  cy.log(response.body.authorization);\n});",
              "err": {},
              "uuid": "63eaf1c5-803c-4c80-918d-95fd78220334",
              "parentUUID": "81f61b2c-95e2-465a-9565-bc13a6336c18",
              "isHook": false,
              "skipped": false
            }
          ],
          "suites": [],
          "passes": [
            "63eaf1c5-803c-4c80-918d-95fd78220334"
          ],
          "failures": [],
          "pending": [],
          "skipped": [],
          "duration": 117,
          "root": false,
          "rootEmpty": false,
          "_timeout": 2000
        }
      ],
      "passes": [],
      "failures": [],
      "pending": [],
      "skipped": [],
      "duration": 0,
      "root": true,
      "rootEmpty": true,
      "_timeout": 2000
    }
  ],
  "meta": {
    "mocha": {
      "version": "7.0.1"
    },
    "mochawesome": {
      "options": {
        "quiet": false,
        "reportFilename": "mochawesome",
        "saveHtml": false,
        "saveJson": true,
        "consoleReporter": "spec",
        "useInlineDiffs": false,
        "code": true
      },
      "version": "7.1.3"
    },
    "marge": {
      "options": {
        "reportDir": "mochawesome-report",
        "overwrite": false,
        "html": false,
        "jason": true
      },
      "version": "6.2.0"
    }
  }
}